  main.cpp
E:\MyPrograms\OpenCV\310\build\include\opencv2/core/mat.hpp(1965): warning C4819: 该文件包含不能在当前代码页(936)中表示的字符。请将该文件保存为 Unicode 格式以防止数据丢失
E:\MyPrograms\OpenCV\310\build\include\opencv2/core/persistence.hpp : warning C4819: 该文件包含不能在当前代码页(936)中表示的字符。请将该文件保存为 Unicode 格式以防止数据丢失
E:\MyPrograms\OpenCV\310\build\include\opencv2/core/utility.hpp : warning C4819: 该文件包含不能在当前代码页(936)中表示的字符。请将该文件保存为 Unicode 格式以防止数据丢失
E:\MyPrograms\OpenCV\310\build\include\opencv2/core/utility.hpp : warning C4819: 该文件包含不能在当前代码页(936)中表示的字符。请将该文件保存为 Unicode 格式以防止数据丢失
main.cpp(43): warning C4018: “<”: 有符号/无符号不匹配
main.cpp(46): warning C4244: “参数”: 从“float”转换到“int”，可能丢失数据
main.cpp(60): warning C4018: “<”: 有符号/无符号不匹配
main.cpp(90): warning C4018: “<”: 有符号/无符号不匹配
main.cpp(135): warning C4018: “<”: 有符号/无符号不匹配
main.cpp(152): warning C4018: “<”: 有符号/无符号不匹配
main.cpp(223): warning C4018: “<”: 有符号/无符号不匹配
main.cpp(230): warning C4018: “<”: 有符号/无符号不匹配
main.cpp(264): warning C4018: “<”: 有符号/无符号不匹配
main.cpp(287): warning C4018: “<”: 有符号/无符号不匹配
main.cpp(342): warning C4018: “<”: 有符号/无符号不匹配
main.cpp(350): warning C4018: “<”: 有符号/无符号不匹配
main.cpp(420): warning C4018: “<”: 有符号/无符号不匹配
  正在生成代码
  1 of 1192 functions ( 0.1%) were compiled, the rest were copied from previous compilation.
    0 functions were new in current compilation
    7 functions had inline decision re-evaluated but remain unchanged
  已完成代码的生成
  SequentialSfM.vcxproj -> E:\MyPrograms\C++\SequentialSfM\Release\SequentialSfM.exe
